2025-05-24 00:57:49,962  INFO  ARGS = {
  "notes": "单个GAN的Transformer试试看",
  "data_path": "database/goods/Lumber_processed.csv",
  "output_dir": "out_put/multi",
  "ckpt_dir": "ckpt",
  "feature_columns": [
    1,
    19,
    1,
    19,
    1,
    19
  ],
  "target_columns": [
    [
      4
    ]
  ],
  "start_timestamp": 31,
  "end_timestamp": -1,
  "window_sizes": [
    5,
    10,
    15
  ],
  "action": true,
  "use_financial_loss": true,
  "N_pairs": 3,
  "num_classes": 3,
  "generators": [
    "gru",
    "lstm",
    "transformer"
  ],
  "discriminators": null,
  "distill_epochs": 1,
  "cross_finetune_epochs": 5,
  "device": [
    0
  ],
  "num_epochs": 50,
  "lr": 2e-05,
  "batch_size": 256,
  "train_split": 0.7,
  "random_seed": 3407,
  "amp_dtype": "none",
  "mode": "train",
  "ckpt_path": "latest"
}
2025-05-24 00:57:51,585  INFO  EPOCH 1 | Validation MSE: G1: 0.20259075, G2: 0.24722695, G3: 0.13518447 
2025-05-24 00:57:52,132  INFO  Train Metrics for G1: MSE=10363.8027, MAE=95.5290, RMSE=101.8028, MAPE=17.6861
2025-05-24 00:57:52,590  INFO  Train Metrics for G2: MSE=12400.8936, MAE=104.0759, RMSE=111.3593, MAPE=19.2478
2025-05-24 00:57:53,049  INFO  Train Metrics for G3: MSE=5209.6997, MAE=60.1750, RMSE=72.1783, MAPE=11.3623
2025-05-24 00:57:53,516  INFO  Test Metrics for G1: MSE=9321.2520, MAE=89.9350, RMSE=96.5466, MAPE=16.7776
2025-05-24 00:57:54,100  INFO  Test Metrics for G2: MSE=11374.9746, MAE=99.0911, RMSE=106.6535, MAPE=18.4714
2025-05-24 00:57:54,628  INFO  Test Metrics for G3: MSE=6219.8716, MAE=63.8653, RMSE=78.8662, MAPE=12.2956
2025-05-24 00:57:54,746  INFO  EPOCH 2 | Validation MSE: G1: 0.20042208, G2: 0.24625847, G3: 0.12481181 
2025-05-24 00:57:55,216  INFO  Train Metrics for G1: MSE=10258.7168, MAE=95.0170, RMSE=101.2853, MAPE=17.5902
2025-05-24 00:57:55,663  INFO  Train Metrics for G2: MSE=12353.6836, MAE=103.8554, RMSE=111.1471, MAPE=19.2060
2025-05-24 00:57:56,130  INFO  Train Metrics for G3: MSE=4719.6353, MAE=57.3222, RMSE=68.6996, MAPE=10.8639
2025-05-24 00:57:56,590  INFO  Test Metrics for G1: MSE=9221.4688, MAE=89.4188, RMSE=96.0285, MAPE=16.6799
2025-05-24 00:57:57,042  INFO  Test Metrics for G2: MSE=11330.4121, MAE=98.8731, RMSE=106.4444, MAPE=18.4298
2025-05-24 00:57:57,506  INFO  Test Metrics for G3: MSE=5742.6230, MAE=62.3584, RMSE=75.7801, MAPE=12.0409
2025-05-24 00:57:57,750  INFO  EPOCH 3 | Validation MSE: G1: 0.19826357, G2: 0.24528149, G3: 0.11022066 
2025-05-24 00:57:58,250  INFO  Train Metrics for G1: MSE=10154.0977, MAE=94.5045, RMSE=100.7675, MAPE=17.4943
2025-05-24 00:57:58,690  INFO  Train Metrics for G2: MSE=12306.8418, MAE=103.6361, RMSE=110.9362, MAPE=19.1645
2025-05-24 00:57:59,150  INFO  Train Metrics for G3: MSE=4306.7661, MAE=54.3023, RMSE=65.6260, MAPE=10.2139
2025-05-24 00:57:59,605  INFO  Test Metrics for G1: MSE=9122.1562, MAE=88.9020, RMSE=95.5100, MAPE=16.5822
2025-05-24 00:58:00,053  INFO  Test Metrics for G2: MSE=11285.4629, MAE=98.6527, RMSE=106.2331, MAPE=18.3877
2025-05-24 00:58:00,564  INFO  Test Metrics for G3: MSE=5071.2803, MAE=56.9009, RMSE=71.2129, MAPE=10.9176
2025-05-24 00:58:00,807  INFO  EPOCH 4 | Validation MSE: G1: 0.19611575, G2: 0.24431844, G3: 0.09916337 
2025-05-24 00:58:01,266  INFO  Train Metrics for G1: MSE=10049.9639, MAE=93.9917, RMSE=100.2495, MAPE=17.3983
2025-05-24 00:58:01,712  INFO  Train Metrics for G2: MSE=12259.9756, MAE=103.4162, RMSE=110.7248, MAPE=19.1229
2025-05-24 00:58:02,169  INFO  Train Metrics for G3: MSE=4092.5378, MAE=52.0463, RMSE=63.9729, MAPE=9.6817
2025-05-24 00:58:02,622  INFO  Test Metrics for G1: MSE=9023.3340, MAE=88.3848, RMSE=94.9912, MAPE=16.4844
2025-05-24 00:58:03,078  INFO  Test Metrics for G2: MSE=11241.1514, MAE=98.4349, RMSE=106.0243, MAPE=18.3460
2025-05-24 00:58:03,552  INFO  Test Metrics for G3: MSE=4562.5317, MAE=52.3125, RMSE=67.5465, MAPE=9.9308
2025-05-24 00:58:03,813  INFO  EPOCH 5 | Validation MSE: G1: 0.19397737, G2: 0.24334797, G3: 0.09130674 
2025-05-24 00:58:04,289  INFO  Train Metrics for G1: MSE=9946.2432, MAE=93.4782, RMSE=99.7309, MAPE=17.3021
2025-05-24 00:58:04,731  INFO  Train Metrics for G2: MSE=12212.9404, MAE=103.1951, RMSE=110.5122, MAPE=19.0811
2025-05-24 00:58:05,187  INFO  Train Metrics for G3: MSE=3925.3733, MAE=50.2253, RMSE=62.6528, MAPE=9.2702
2025-05-24 00:58:05,633  INFO  Test Metrics for G1: MSE=8924.9473, MAE=87.8670, RMSE=94.4719, MAPE=16.3864
2025-05-24 00:58:06,078  INFO  Test Metrics for G2: MSE=11196.5010, MAE=98.2149, RMSE=105.8135, MAPE=18.3040
2025-05-24 00:58:06,575  INFO  Test Metrics for G3: MSE=4201.0464, MAE=49.5930, RMSE=64.8155, MAPE=9.3343
2025-05-24 00:58:06,816  INFO  EPOCH 6 | Validation MSE: G1: 0.19184949, G2: 0.24237452, G3: 0.08344478 
2025-05-24 00:58:07,274  INFO  Train Metrics for G1: MSE=9843.0059, MAE=92.9643, RMSE=99.2119, MAPE=17.2059
2025-05-24 00:58:07,719  INFO  Train Metrics for G2: MSE=12166.1475, MAE=102.9747, RMSE=110.3003, MAPE=19.0394
2025-05-24 00:58:08,236  INFO  Train Metrics for G3: MSE=3662.5049, MAE=48.0510, RMSE=60.5186, MAPE=8.8322
2025-05-24 00:58:08,692  INFO  Test Metrics for G1: MSE=8827.0430, MAE=87.3487, RMSE=93.9523, MAPE=16.2884
2025-05-24 00:58:09,146  INFO  Test Metrics for G2: MSE=11151.7119, MAE=97.9940, RMSE=105.6017, MAPE=18.2618
2025-05-24 00:58:09,615  INFO  Test Metrics for G3: MSE=3839.3152, MAE=47.0567, RMSE=61.9622, MAPE=8.8139
2025-05-24 00:58:09,808  INFO  EPOCH 7 | Validation MSE: G1: 0.18973130, G2: 0.24141832, G3: 0.07351353 
2025-05-24 00:58:10,275  INFO  Train Metrics for G1: MSE=9740.1934, MAE=92.4497, RMSE=98.6924, MAPE=17.1096
2025-05-24 00:58:10,735  INFO  Train Metrics for G2: MSE=12119.5703, MAE=102.7547, RMSE=110.0889, MAPE=18.9978
2025-05-24 00:58:11,210  INFO  Train Metrics for G3: MSE=3201.5347, MAE=44.8843, RMSE=56.5821, MAPE=8.2563
2025-05-24 00:58:11,671  INFO  Test Metrics for G1: MSE=8729.5840, MAE=86.8299, RMSE=93.4322, MAPE=16.1903
2025-05-24 00:58:12,161  INFO  Test Metrics for G2: MSE=11107.7168, MAE=97.7762, RMSE=105.3932, MAPE=18.2202
2025-05-24 00:58:12,667  INFO  Test Metrics for G3: MSE=3382.3757, MAE=44.2082, RMSE=58.1582, MAPE=8.2888
2025-05-24 00:58:12,815  INFO  EPOCH 8 | Validation MSE: G1: 0.18762316, G2: 0.24044202, G3: 0.06296703 
2025-05-24 00:58:13,292  INFO  Train Metrics for G1: MSE=9637.8281, MAE=91.9346, RMSE=98.1724, MAPE=17.0131
2025-05-24 00:58:13,748  INFO  Train Metrics for G2: MSE=12072.3965, MAE=102.5317, RMSE=109.8745, MAPE=18.9556
2025-05-24 00:58:14,243  INFO  Train Metrics for G3: MSE=2651.2686, MAE=41.1058, RMSE=51.4905, MAPE=7.6024
2025-05-24 00:58:14,700  INFO  Test Metrics for G1: MSE=8632.5879, MAE=86.3105, RMSE=92.9117, MAPE=16.0920
2025-05-24 00:58:15,159  INFO  Test Metrics for G2: MSE=11062.7959, MAE=97.5537, RMSE=105.1798, MAPE=18.1778
2025-05-24 00:58:15,672  INFO  Test Metrics for G3: MSE=2897.1289, MAE=41.1893, RMSE=53.8250, MAPE=7.7717
2025-05-24 00:58:15,906  INFO  EPOCH 9 | Validation MSE: G1: 0.18552576, G2: 0.23948222, G3: 0.05432644 
2025-05-24 00:58:16,380  INFO  Train Metrics for G1: MSE=9535.9473, MAE=91.4190, RMSE=97.6522, MAPE=16.9166
2025-05-24 00:58:16,825  INFO  Train Metrics for G2: MSE=12026.1221, MAE=102.3123, RMSE=109.6637, MAPE=18.9141
2025-05-24 00:58:17,311  INFO  Train Metrics for G3: MSE=2189.8047, MAE=37.6618, RMSE=46.7953, MAPE=7.0205
2025-05-24 00:58:17,766  INFO  Test Metrics for G1: MSE=8536.0859, MAE=85.7907, RMSE=92.3909, MAPE=15.9937
2025-05-24 00:58:18,220  INFO  Test Metrics for G2: MSE=11018.6367, MAE=97.3344, RMSE=104.9697, MAPE=18.1359
2025-05-24 00:58:18,720  INFO  Test Metrics for G3: MSE=2499.5728, MAE=38.8842, RMSE=49.9957, MAPE=7.3971
2025-05-24 00:58:19,026  INFO  Start cross finetune!  G3 with D1
2025-05-24 00:58:19,066  INFO  == Cross finetune Epoch [1/50]: G3: Validation MSE 0.04226779
2025-05-24 00:58:19,106  INFO  == Cross finetune Epoch [2/50]: G3: Validation MSE 0.03635066
2025-05-24 00:58:19,146  INFO  == Cross finetune Epoch [3/50]: G3: Validation MSE 0.03073227
2025-05-24 00:58:19,187  INFO  == Cross finetune Epoch [4/50]: G3: Validation MSE 0.02612392
2025-05-24 00:58:19,226  INFO  == Cross finetune Epoch [5/50]: G3: Validation MSE 0.02290041
2025-05-24 00:58:19,226  INFO  EPOCH 10 | Validation MSE: G1: 0.18343826, G2: 0.23852739, G3: 0.04772567 
2025-05-24 00:58:19,691  INFO  Train Metrics for G1: MSE=9434.5059, MAE=90.9028, RMSE=97.1314, MAPE=16.8200
2025-05-24 00:58:20,147  INFO  Train Metrics for G2: MSE=11979.8379, MAE=102.0925, RMSE=109.4524, MAPE=18.8725
2025-05-24 00:58:20,615  INFO  Train Metrics for G3: MSE=983.0349, MAE=24.5891, RMSE=31.3534, MAPE=4.5434
2025-05-24 00:58:21,076  INFO  Test Metrics for G1: MSE=8440.0400, MAE=85.2703, RMSE=91.8697, MAPE=15.8953
2025-05-24 00:58:21,526  INFO  Test Metrics for G2: MSE=10974.7051, MAE=97.1155, RMSE=104.7602, MAPE=18.0941
2025-05-24 00:58:21,988  INFO  Test Metrics for G3: MSE=1053.6536, MAE=24.5378, RMSE=32.4600, MAPE=4.6133
2025-05-24 00:58:22,137  INFO  EPOCH 11 | Validation MSE: G1: 0.18136068, G2: 0.23756632, G3: 0.02071195 
2025-05-24 00:58:22,619  INFO  Train Metrics for G1: MSE=9333.5000, MAE=90.3859, RMSE=96.6100, MAPE=16.7232
2025-05-24 00:58:23,077  INFO  Train Metrics for G2: MSE=11933.2227, MAE=101.8706, RMSE=109.2393, MAPE=18.8305
2025-05-24 00:58:23,599  INFO  Train Metrics for G3: MSE=934.9811, MAE=23.9222, RMSE=30.5775, MAPE=4.3912
2025-05-24 00:58:24,061  INFO  Test Metrics for G1: MSE=8344.4502, MAE=84.7493, RMSE=91.3480, MAPE=15.7968
2025-05-24 00:58:24,515  INFO  Test Metrics for G2: MSE=10930.4854, MAE=96.8950, RMSE=104.5490, MAPE=18.0519
2025-05-24 00:58:25,078  INFO  Test Metrics for G3: MSE=952.9619, MAE=22.9440, RMSE=30.8701, MAPE=4.2714
2025-05-24 00:58:25,286  INFO  EPOCH 12 | Validation MSE: G1: 0.17929399, G2: 0.23660441, G3: 0.01808044 
2025-05-24 00:58:25,755  INFO  Train Metrics for G1: MSE=9232.9814, MAE=89.8686, RMSE=96.0884, MAPE=16.6264
2025-05-24 00:58:26,211  INFO  Train Metrics for G2: MSE=11887.0078, MAE=101.6501, RMSE=109.0276, MAPE=18.7888
2025-05-24 00:58:26,667  INFO  Train Metrics for G3: MSE=836.7137, MAE=22.6564, RMSE=28.9260, MAPE=4.1549
2025-05-24 00:58:27,115  INFO  Test Metrics for G1: MSE=8249.3623, MAE=84.2280, RMSE=90.8260, MAPE=15.6982
2025-05-24 00:58:27,556  INFO  Test Metrics for G2: MSE=10886.2285, MAE=96.6737, RMSE=104.3371, MAPE=18.0097
2025-05-24 00:58:28,022  INFO  Test Metrics for G3: MSE=831.8856, MAE=21.4313, RMSE=28.8424, MAPE=3.9782
2025-05-24 00:58:28,314  INFO  EPOCH 13 | Validation MSE: G1: 0.17723829, G2: 0.23566248, G3: 0.01461788 
2025-05-24 00:58:28,827  INFO  Train Metrics for G1: MSE=9132.9443, MAE=89.3509, RMSE=95.5664, MAPE=16.5295
2025-05-24 00:58:29,287  INFO  Train Metrics for G2: MSE=11841.1514, MAE=101.4309, RMSE=108.8171, MAPE=18.7473
2025-05-24 00:58:29,757  INFO  Train Metrics for G3: MSE=677.5142, MAE=20.3260, RMSE=26.0291, MAPE=3.7437
2025-05-24 00:58:30,211  INFO  Test Metrics for G1: MSE=8154.7778, MAE=83.7063, RMSE=90.3038, MAPE=15.5995
2025-05-24 00:58:30,666  INFO  Test Metrics for G2: MSE=10842.8887, MAE=96.4563, RMSE=104.1292, MAPE=17.9682
2025-05-24 00:58:31,160  INFO  Test Metrics for G3: MSE=672.5721, MAE=19.3362, RMSE=25.9340, MAPE=3.6053
2025-05-24 00:58:31,330  INFO  EPOCH 14 | Validation MSE: G1: 0.17519334, G2: 0.23469147, G3: 0.01137089 
2025-05-24 00:58:31,815  INFO  Train Metrics for G1: MSE=9033.3936, MAE=88.8327, RMSE=95.0442, MAPE=16.4325
2025-05-24 00:58:32,263  INFO  Train Metrics for G2: MSE=11794.2432, MAE=101.2063, RMSE=108.6013, MAPE=18.7048
2025-05-24 00:58:32,764  INFO  Train Metrics for G3: MSE=517.0695, MAE=17.7914, RMSE=22.7392, MAPE=3.3161
2025-05-24 00:58:33,218  INFO  Test Metrics for G1: MSE=8060.6885, MAE=83.1843, RMSE=89.7813, MAPE=15.5008
2025-05-24 00:58:33,666  INFO  Test Metrics for G2: MSE=10798.2129, MAE=96.2322, RMSE=103.9145, MAPE=17.9254
2025-05-24 00:58:34,131  INFO  Test Metrics for G3: MSE=523.1776, MAE=17.3877, RMSE=22.8731, MAPE=3.2853
2025-05-24 00:58:34,433  INFO  EPOCH 15 | Validation MSE: G1: 0.17315829, G2: 0.23374215, G3: 0.00953034 
2025-05-24 00:58:34,912  INFO  Train Metrics for G1: MSE=8934.2812, MAE=88.3139, RMSE=94.5213, MAPE=16.3353
2025-05-24 00:58:35,365  INFO  Train Metrics for G2: MSE=11748.5117, MAE=100.9868, RMSE=108.3905, MAPE=18.6633
2025-05-24 00:58:35,837  INFO  Train Metrics for G3: MSE=427.8826, MAE=16.4827, RMSE=20.6853, MAPE=3.1182
2025-05-24 00:58:36,293  INFO  Test Metrics for G1: MSE=7967.0557, MAE=82.6616, RMSE=89.2584, MAPE=15.4019
2025-05-24 00:58:36,736  INFO  Test Metrics for G2: MSE=10754.5332, MAE=96.0124, RMSE=103.7041, MAPE=17.8834
2025-05-24 00:58:37,227  INFO  Test Metrics for G3: MSE=438.4931, MAE=16.3863, RMSE=20.9402, MAPE=3.1443
2025-05-24 00:58:37,480  INFO  EPOCH 16 | Validation MSE: G1: 0.17113324, G2: 0.23280081, G3: 0.00860223 
2025-05-24 00:58:37,991  INFO  Train Metrics for G1: MSE=8835.6201, MAE=87.7944, RMSE=93.9980, MAPE=16.2381
2025-05-24 00:58:38,442  INFO  Train Metrics for G2: MSE=11702.7744, MAE=100.7668, RMSE=108.1794, MAPE=18.6217
2025-05-24 00:58:38,899  INFO  Train Metrics for G3: MSE=391.3413, MAE=15.7631, RMSE=19.7823, MAPE=3.0171
2025-05-24 00:58:39,348  INFO  Test Metrics for G1: MSE=7873.8838, MAE=82.1383, RMSE=88.7349, MAPE=15.3030
2025-05-24 00:58:39,796  INFO  Test Metrics for G2: MSE=10711.2217, MAE=95.7939, RMSE=103.4950, MAPE=17.8417
2025-05-24 00:58:40,254  INFO  Test Metrics for G3: MSE=395.7907, MAE=15.9325, RMSE=19.8945, MAPE=3.0911
2025-05-24 00:58:40,473  INFO  EPOCH 17 | Validation MSE: G1: 0.16911913, G2: 0.23184617, G3: 0.00749846 
2025-05-24 00:58:40,966  INFO  Train Metrics for G1: MSE=8737.4492, MAE=87.2745, RMSE=93.4743, MAPE=16.1408
2025-05-24 00:58:41,409  INFO  Train Metrics for G2: MSE=11656.5127, MAE=100.5438, RMSE=107.9653, MAPE=18.5795
2025-05-24 00:58:41,898  INFO  Train Metrics for G3: MSE=359.8556, MAE=14.9959, RMSE=18.9699, MAPE=2.8784
2025-05-24 00:58:42,464  INFO  Test Metrics for G1: MSE=7781.2134, MAE=81.6146, RMSE=88.2112, MAPE=15.2039
2025-05-24 00:58:42,926  INFO  Test Metrics for G2: MSE=10667.3008, MAE=95.5719, RMSE=103.2826, MAPE=17.7993
2025-05-24 00:58:43,425  INFO  Test Metrics for G3: MSE=345.0062, MAE=14.8607, RMSE=18.5743, MAPE=2.8895
2025-05-24 00:58:43,507  INFO  EPOCH 18 | Validation MSE: G1: 0.16711614, G2: 0.23089607, G3: 0.00618028 
2025-05-24 00:58:43,975  INFO  Train Metrics for G1: MSE=8639.7812, MAE=86.7542, RMSE=92.9504, MAPE=16.0434
2025-05-24 00:58:44,421  INFO  Train Metrics for G2: MSE=11610.7305, MAE=100.3226, RMSE=107.7531, MAPE=18.5376
2025-05-24 00:58:44,882  INFO  Train Metrics for G3: MSE=323.3217, MAE=14.0704, RMSE=17.9811, MAPE=2.6898
2025-05-24 00:58:45,335  INFO  Test Metrics for G1: MSE=7689.0552, MAE=81.0905, RMSE=87.6873, MAPE=15.1048
2025-05-24 00:58:45,777  INFO  Test Metrics for G2: MSE=10623.5840, MAE=95.3503, RMSE=103.0708, MAPE=17.7569
2025-05-24 00:58:46,236  INFO  Test Metrics for G3: MSE=284.3561, MAE=13.2445, RMSE=16.8629, MAPE=2.5637
2025-05-24 00:58:46,490  INFO  EPOCH 19 | Validation MSE: G1: 0.16512237, G2: 0.22996232, G3: 0.00516267 
2025-05-24 00:58:47,002  INFO  Train Metrics for G1: MSE=8542.5283, MAE=86.2331, RMSE=92.4258, MAPE=15.9458
2025-05-24 00:58:47,444  INFO  Train Metrics for G2: MSE=11565.3096, MAE=100.1027, RMSE=107.5421, MAPE=18.4960
2025-05-24 00:58:47,901  INFO  Train Metrics for G3: MSE=299.9109, MAE=13.4644, RMSE=17.3179, MAPE=2.5541
2025-05-24 00:58:48,356  INFO  Test Metrics for G1: MSE=7597.3218, MAE=80.5656, RMSE=87.1626, MAPE=15.0056
2025-05-24 00:58:48,801  INFO  Test Metrics for G2: MSE=10580.6230, MAE=95.1320, RMSE=102.8622, MAPE=17.7152
2025-05-24 00:58:49,327  INFO  Test Metrics for G3: MSE=237.5357, MAE=11.8474, RMSE=15.4122, MAPE=2.2694
2025-05-24 00:58:49,561  INFO  Start cross finetune!  G3 with D1
2025-05-24 00:58:49,608  INFO  == Cross finetune Epoch [1/50]: G3: Validation MSE 0.00484820
2025-05-24 00:58:49,644  INFO  == Cross finetune Epoch [2/50]: G3: Validation MSE 0.00482751
2025-05-24 00:58:49,677  INFO  == Cross finetune Epoch [3/50]: G3: Validation MSE 0.00433002
2025-05-24 00:58:49,709  INFO  == Cross finetune Epoch [4/50]: G3: Validation MSE 0.00372966
2025-05-24 00:58:49,741  INFO  == Cross finetune Epoch [5/50]: G3: Validation MSE 0.00348455
2025-05-24 00:58:49,741  INFO  EPOCH 20 | Validation MSE: G1: 0.16313876, G2: 0.22900090, G3: 0.00484653 
2025-05-24 00:58:50,202  INFO  Train Metrics for G1: MSE=8445.7217, MAE=85.7113, RMSE=91.9006, MAPE=15.8482
2025-05-24 00:58:50,647  INFO  Train Metrics for G2: MSE=11518.8623, MAE=99.8775, RMSE=107.3260, MAPE=18.4534
2025-05-24 00:58:51,104  INFO  Train Metrics for G3: MSE=269.8748, MAE=12.1233, RMSE=16.4279, MAPE=2.3148
2025-05-24 00:58:51,553  INFO  Test Metrics for G1: MSE=7506.0557, MAE=80.0401, RMSE=86.6375, MAPE=14.9062
2025-05-24 00:58:51,999  INFO  Test Metrics for G2: MSE=10536.3887, MAE=94.9072, RMSE=102.6469, MAPE=17.6723
2025-05-24 00:58:52,467  INFO  Test Metrics for G3: MSE=160.3247, MAE=9.4755, RMSE=12.6619, MAPE=1.8267
2025-05-24 00:58:52,693  INFO  EPOCH 21 | Validation MSE: G1: 0.16116498, G2: 0.22805679, G3: 0.00369432 
2025-05-24 00:58:53,184  INFO  Train Metrics for G1: MSE=8349.3506, MAE=85.1888, RMSE=91.3748, MAPE=15.7503
2025-05-24 00:58:53,631  INFO  Train Metrics for G2: MSE=11473.4043, MAE=99.6565, RMSE=107.1140, MAPE=18.4116
2025-05-24 00:58:54,092  INFO  Train Metrics for G3: MSE=269.8748, MAE=12.1233, RMSE=16.4279, MAPE=2.3148
2025-05-24 00:58:54,541  INFO  Test Metrics for G1: MSE=7415.2412, MAE=79.5139, RMSE=86.1118, MAPE=14.8067
2025-05-24 00:58:55,032  INFO  Test Metrics for G2: MSE=10492.9502, MAE=94.6856, RMSE=102.4351, MAPE=17.6300
2025-05-24 00:58:55,507  INFO  Test Metrics for G3: MSE=160.3247, MAE=9.4755, RMSE=12.6619, MAPE=1.8267
2025-05-24 00:58:55,811  INFO  EPOCH 22 | Validation MSE: G1: 0.15920196, G2: 0.22713108, G3: 0.00357777 
2025-05-24 00:58:56,319  INFO  Train Metrics for G1: MSE=8253.4531, MAE=84.6656, RMSE=90.8485, MAPE=15.6524
2025-05-24 00:58:56,760  INFO  Train Metrics for G2: MSE=11428.0430, MAE=99.4356, RMSE=106.9020, MAPE=18.3698
2025-05-24 00:58:57,226  INFO  Train Metrics for G3: MSE=269.8748, MAE=12.1233, RMSE=16.4279, MAPE=2.3148
2025-05-24 00:58:57,677  INFO  Test Metrics for G1: MSE=7324.9219, MAE=78.9872, RMSE=85.5858, MAPE=14.7071
2025-05-24 00:58:58,131  INFO  Test Metrics for G2: MSE=10450.3564, MAE=94.4678, RMSE=102.2270, MAPE=17.5884
2025-05-24 00:58:58,612  INFO  Test Metrics for G3: MSE=160.3247, MAE=9.4755, RMSE=12.6619, MAPE=1.8267
2025-05-24 00:58:58,928  INFO  EPOCH 23 | Validation MSE: G1: 0.15724859, G2: 0.22618045, G3: 0.00348289 
2025-05-24 00:58:59,494  INFO  Train Metrics for G1: MSE=8157.9800, MAE=84.1417, RMSE=90.3215, MAPE=15.5543
2025-05-24 00:58:59,940  INFO  Train Metrics for G2: MSE=11382.2725, MAE=99.2121, RMSE=106.6877, MAPE=18.3275
2025-05-24 00:59:00,405  INFO  Train Metrics for G3: MSE=269.1150, MAE=12.0837, RMSE=16.4047, MAPE=2.3085
2025-05-24 00:59:00,856  INFO  Test Metrics for G1: MSE=7235.0469, MAE=78.4598, RMSE=85.0591, MAPE=14.6074
2025-05-24 00:59:01,346  INFO  Test Metrics for G2: MSE=10406.6191, MAE=94.2439, RMSE=102.0128, MAPE=17.5456
2025-05-24 00:59:01,814  INFO  Test Metrics for G3: MSE=160.2486, MAE=9.4881, RMSE=12.6589, MAPE=1.8313
2025-05-24 00:59:02,031  INFO  EPOCH 24 | Validation MSE: G1: 0.15530540, G2: 0.22523744, G3: 0.00349375 
2025-05-24 00:59:02,515  INFO  Train Metrics for G1: MSE=8062.9609, MAE=83.6184, RMSE=89.7940, MAPE=15.4565
2025-05-24 00:59:02,964  INFO  Train Metrics for G2: MSE=11336.7627, MAE=98.9894, RMSE=106.4742, MAPE=18.2854
2025-05-24 00:59:03,453  INFO  Train Metrics for G3: MSE=269.1150, MAE=12.0837, RMSE=16.4047, MAPE=2.3085
2025-05-24 00:59:03,909  INFO  Test Metrics for G1: MSE=7145.6401, MAE=77.9318, RMSE=84.5319, MAPE=14.5075
2025-05-24 00:59:04,355  INFO  Test Metrics for G2: MSE=10363.2314, MAE=94.0210, RMSE=101.8000, MAPE=17.5031
2025-05-24 00:59:04,852  INFO  Test Metrics for G3: MSE=160.2486, MAE=9.4881, RMSE=12.6589, MAPE=1.8313
2025-05-24 00:59:05,235  INFO  EPOCH 25 | Validation MSE: G1: 0.15337290, G2: 0.22430901, G3: 0.00350033 
2025-05-24 00:59:05,752  INFO  Train Metrics for G1: MSE=7968.4204, MAE=83.0948, RMSE=89.2660, MAPE=15.3585
2025-05-24 00:59:06,198  INFO  Train Metrics for G2: MSE=11291.4492, MAE=98.7673, RMSE=106.2612, MAPE=18.2434
2025-05-24 00:59:06,652  INFO  Train Metrics for G3: MSE=269.1150, MAE=12.0837, RMSE=16.4047, MAPE=2.3085
2025-05-24 00:59:07,099  INFO  Test Metrics for G1: MSE=7056.7251, MAE=77.4032, RMSE=84.0043, MAPE=14.4076
2025-05-24 00:59:07,578  INFO  Test Metrics for G2: MSE=10320.5127, MAE=93.8011, RMSE=101.5899, MAPE=17.4611
2025-05-24 00:59:08,043  INFO  Test Metrics for G3: MSE=160.2486, MAE=9.4881, RMSE=12.6589, MAPE=1.8313
2025-05-24 00:59:08,353  INFO  EPOCH 26 | Validation MSE: G1: 0.15145068, G2: 0.22336085, G3: 0.00350844 
2025-05-24 00:59:08,824  INFO  Train Metrics for G1: MSE=7874.3369, MAE=82.5705, RMSE=88.7375, MAPE=15.2605
2025-05-24 00:59:09,264  INFO  Train Metrics for G2: MSE=11245.6992, MAE=98.5425, RMSE=106.0457, MAPE=18.2008
2025-05-24 00:59:09,732  INFO  Train Metrics for G3: MSE=269.1150, MAE=12.0837, RMSE=16.4047, MAPE=2.3085
2025-05-24 00:59:10,326  INFO  Test Metrics for G1: MSE=6968.2842, MAE=76.8741, RMSE=83.4762, MAPE=14.3075
2025-05-24 00:59:10,778  INFO  Test Metrics for G2: MSE=10276.8887, MAE=93.5762, RMSE=101.3750, MAPE=17.4182
2025-05-24 00:59:11,253  INFO  Test Metrics for G3: MSE=160.2486, MAE=9.4881, RMSE=12.6589, MAPE=1.8313
2025-05-24 00:59:11,595  INFO  EPOCH 27 | Validation MSE: G1: 0.14953831, G2: 0.22242443, G3: 0.00350975 
2025-05-24 00:59:12,078  INFO  Train Metrics for G1: MSE=7780.6929, MAE=82.0454, RMSE=88.2082, MAPE=15.1622
2025-05-24 00:59:12,521  INFO  Train Metrics for G2: MSE=11200.4844, MAE=98.3198, RMSE=105.8323, MAPE=18.1587
2025-05-24 00:59:12,985  INFO  Train Metrics for G3: MSE=269.1150, MAE=12.0837, RMSE=16.4047, MAPE=2.3085
2025-05-24 00:59:13,435  INFO  Test Metrics for G1: MSE=6880.2944, MAE=76.3441, RMSE=82.9475, MAPE=14.2073
2025-05-24 00:59:13,923  INFO  Test Metrics for G2: MSE=10233.8037, MAE=93.3535, RMSE=101.1623, MAPE=17.3756
2025-05-24 00:59:14,386  INFO  Test Metrics for G3: MSE=160.2486, MAE=9.4881, RMSE=12.6589, MAPE=1.8313
2025-05-24 00:59:14,591  INFO  EPOCH 28 | Validation MSE: G1: 0.14763652, G2: 0.22149967, G3: 0.00351828 
2025-05-24 00:59:15,062  INFO  Train Metrics for G1: MSE=7687.5215, MAE=81.5197, RMSE=87.6785, MAPE=15.0639
2025-05-24 00:59:15,510  INFO  Train Metrics for G2: MSE=11155.2012, MAE=98.0964, RMSE=105.6182, MAPE=18.1165
2025-05-24 00:59:15,975  INFO  Train Metrics for G3: MSE=269.1150, MAE=12.0837, RMSE=16.4047, MAPE=2.3085
2025-05-24 00:59:16,427  INFO  Test Metrics for G1: MSE=6792.7930, MAE=75.8135, RMSE=82.4184, MAPE=14.1070
2025-05-24 00:59:16,898  INFO  Test Metrics for G2: MSE=10191.2549, MAE=93.1331, RMSE=100.9517, MAPE=17.3335
2025-05-24 00:59:17,374  INFO  Test Metrics for G3: MSE=160.2486, MAE=9.4881, RMSE=12.6589, MAPE=1.8313
2025-05-24 00:59:17,603  INFO  EPOCH 29 | Validation MSE: G1: 0.14574429, G2: 0.22055897, G3: 0.00351757 
2025-05-24 00:59:18,083  INFO  Train Metrics for G1: MSE=7594.7764, MAE=80.9930, RMSE=87.1480, MAPE=14.9654
2025-05-24 00:59:18,525  INFO  Train Metrics for G2: MSE=11109.9512, MAE=97.8726, RMSE=105.4038, MAPE=18.0741
2025-05-24 00:59:18,995  INFO  Train Metrics for G3: MSE=269.1150, MAE=12.0837, RMSE=16.4047, MAPE=2.3085
2025-05-24 00:59:19,445  INFO  Test Metrics for G1: MSE=6705.7324, MAE=75.2821, RMSE=81.8885, MAPE=14.0066
2025-05-24 00:59:20,082  INFO  Test Metrics for G2: MSE=10147.9727, MAE=92.9084, RMSE=100.7371, MAPE=17.2906
2025-05-24 00:59:20,934  INFO  Test Metrics for G3: MSE=160.2486, MAE=9.4881, RMSE=12.6589, MAPE=1.8313
2025-05-24 00:59:21,227  INFO  Do distill 1 epoch! Distill from G3 to G2
2025-05-24 00:59:21,244  INFO  Start cross finetune!  G3 with D1
2025-05-24 00:59:21,307  INFO  == Cross finetune Epoch [1/50]: G3: Validation MSE 0.00360569
2025-05-24 00:59:21,358  INFO  == Cross finetune Epoch [2/50]: G3: Validation MSE 0.00369455
2025-05-24 00:59:21,414  INFO  == Cross finetune Epoch [3/50]: G3: Validation MSE 0.00373842
2025-05-24 00:59:21,472  INFO  == Cross finetune Epoch [4/50]: G3: Validation MSE 0.00383480
2025-05-24 00:59:21,536  INFO  == Cross finetune Epoch [5/50]: G3: Validation MSE 0.00393224
2025-05-24 00:59:21,536  INFO  EPOCH 30 | Validation MSE: G1: 0.14386298, G2: 0.21962947, G3: 0.00352111 
2025-05-24 00:59:22,355  INFO  Train Metrics for G1: MSE=7502.5195, MAE=80.4658, RMSE=86.6171, MAPE=14.8668
2025-05-24 00:59:23,176  INFO  Train Metrics for G2: MSE=11064.7432, MAE=97.6485, RMSE=105.1891, MAPE=18.0317
2025-05-24 00:59:24,008  INFO  Train Metrics for G3: MSE=250.6155, MAE=11.9728, RMSE=15.8308, MAPE=2.2806
2025-05-24 00:59:24,792  INFO  Test Metrics for G1: MSE=6619.1714, MAE=74.7502, RMSE=81.3583, MAPE=13.9060
2025-05-24 00:59:25,615  INFO  Test Metrics for G2: MSE=10105.2051, MAE=92.6857, RMSE=100.5247, MAPE=17.2481
2025-05-24 00:59:26,391  INFO  Test Metrics for G3: MSE=180.9232, MAE=10.3583, RMSE=13.4508, MAPE=1.9864
2025-05-24 00:59:26,654  INFO  EPOCH 31 | Validation MSE: G1: 0.14199094, G2: 0.21877305, G3: 0.00403971 
2025-05-24 00:59:27,478  INFO  Train Metrics for G1: MSE=7410.6670, MAE=79.9376, RMSE=86.0852, MAPE=14.7680
2025-05-24 00:59:28,266  INFO  Train Metrics for G2: MSE=11022.9756, MAE=97.4411, RMSE=104.9904, MAPE=17.9925
2025-05-24 00:59:29,078  INFO  Train Metrics for G3: MSE=250.6155, MAE=11.9728, RMSE=15.8308, MAPE=2.2806
2025-05-24 00:59:29,941  INFO  Test Metrics for G1: MSE=6533.0381, MAE=74.2173, RMSE=80.8272, MAPE=13.8053
2025-05-24 00:59:30,929  INFO  Test Metrics for G2: MSE=10065.8037, MAE=92.4803, RMSE=100.3285, MAPE=17.2089
2025-05-24 00:59:31,834  INFO  Test Metrics for G3: MSE=180.9232, MAE=10.3583, RMSE=13.4508, MAPE=1.9864
2025-05-24 00:59:32,237  INFO  EPOCH 32 | Validation MSE: G1: 0.14012851, G2: 0.21789281, G3: 0.00404547 
2025-05-24 00:59:33,126  INFO  Train Metrics for G1: MSE=7319.2397, MAE=79.4084, RMSE=85.5526, MAPE=14.6690
2025-05-24 00:59:33,988  INFO  Train Metrics for G2: MSE=10980.7607, MAE=97.2314, RMSE=104.7891, MAPE=17.9528
2025-05-24 00:59:34,870  INFO  Train Metrics for G3: MSE=250.6155, MAE=11.9728, RMSE=15.8308, MAPE=2.2806
2025-05-24 00:59:35,765  INFO  Test Metrics for G1: MSE=6447.3481, MAE=73.6836, RMSE=80.2954, MAPE=13.7044
2025-05-24 00:59:36,565  INFO  Test Metrics for G2: MSE=10025.3027, MAE=92.2686, RMSE=100.1264, MAPE=17.1685
2025-05-24 00:59:37,365  INFO  Test Metrics for G3: MSE=180.9232, MAE=10.3583, RMSE=13.4508, MAPE=1.9864
2025-05-24 00:59:37,649  INFO  EPOCH 33 | Validation MSE: G1: 0.13827580, G2: 0.21703120, G3: 0.00404687 
2025-05-24 00:59:38,443  INFO  Train Metrics for G1: MSE=7228.2422, MAE=78.8782, RMSE=85.0191, MAPE=14.5699
2025-05-24 00:59:39,262  INFO  Train Metrics for G2: MSE=10938.6416, MAE=97.0223, RMSE=104.5880, MAPE=17.9133
2025-05-24 00:59:40,054  INFO  Train Metrics for G3: MSE=250.6155, MAE=11.9728, RMSE=15.8308, MAPE=2.2806
2025-05-24 00:59:40,830  INFO  Test Metrics for G1: MSE=6362.1040, MAE=73.1489, RMSE=79.7628, MAPE=13.6033
2025-05-24 00:59:41,683  INFO  Test Metrics for G2: MSE=9985.6582, MAE=92.0611, RMSE=99.9283, MAPE=17.1289
2025-05-24 00:59:42,501  INFO  Test Metrics for G3: MSE=180.9232, MAE=10.3583, RMSE=13.4508, MAPE=1.9864
2025-05-24 00:59:42,840  INFO  EPOCH 34 | Validation MSE: G1: 0.13643342, G2: 0.21614452, G3: 0.00405138 
2025-05-24 00:59:43,656  INFO  Train Metrics for G1: MSE=7137.7031, MAE=78.3473, RMSE=84.4849, MAPE=14.4706
2025-05-24 00:59:44,440  INFO  Train Metrics for G2: MSE=10895.8213, MAE=96.8093, RMSE=104.3830, MAPE=17.8731
2025-05-24 00:59:45,252  INFO  Train Metrics for G3: MSE=250.6155, MAE=11.9728, RMSE=15.8308, MAPE=2.2806
2025-05-24 00:59:45,971  INFO  Test Metrics for G1: MSE=6277.3359, MAE=72.6135, RMSE=79.2296, MAPE=13.5021
2025-05-24 00:59:46,734  INFO  Test Metrics for G2: MSE=9944.8633, MAE=91.8468, RMSE=99.7239, MAPE=17.0879
2025-05-24 00:59:47,562  INFO  Test Metrics for G3: MSE=180.9232, MAE=10.3583, RMSE=13.4508, MAPE=1.9864
2025-05-24 00:59:47,857  INFO  EPOCH 35 | Validation MSE: G1: 0.13460100, G2: 0.21526887, G3: 0.00406960 
2025-05-24 00:59:48,642  INFO  Train Metrics for G1: MSE=7047.6089, MAE=77.8154, RMSE=83.9500, MAPE=14.3711
2025-05-24 00:59:49,466  INFO  Train Metrics for G2: MSE=10853.1533, MAE=96.5966, RMSE=104.1785, MAPE=17.8329
2025-05-24 00:59:50,247  INFO  Train Metrics for G3: MSE=250.6155, MAE=11.9728, RMSE=15.8308, MAPE=2.2806
2025-05-24 00:59:51,056  INFO  Test Metrics for G1: MSE=6193.0254, MAE=72.0772, RMSE=78.6958, MAPE=13.4007
2025-05-24 00:59:52,009  INFO  Test Metrics for G2: MSE=9904.5752, MAE=91.6350, RMSE=99.5217, MAPE=17.0475
2025-05-24 00:59:52,847  INFO  Test Metrics for G3: MSE=180.9232, MAE=10.3583, RMSE=13.4508, MAPE=1.9864
2025-05-24 00:59:53,247  INFO  EPOCH 36 | Validation MSE: G1: 0.13277872, G2: 0.21438166, G3: 0.00405752 
2025-05-24 00:59:54,066  INFO  Train Metrics for G1: MSE=6957.9639, MAE=77.2827, RMSE=83.4144, MAPE=14.2715
2025-05-24 00:59:54,881  INFO  Train Metrics for G2: MSE=10810.0557, MAE=96.3813, RMSE=103.9714, MAPE=17.7922
2025-05-24 00:59:55,774  INFO  Train Metrics for G3: MSE=250.6155, MAE=11.9728, RMSE=15.8308, MAPE=2.2806
2025-05-24 00:59:56,613  INFO  Test Metrics for G1: MSE=6109.1816, MAE=71.5401, RMSE=78.1613, MAPE=13.2992
2025-05-24 00:59:57,476  INFO  Test Metrics for G2: MSE=9863.7568, MAE=91.4198, RMSE=99.3164, MAPE=17.0064
2025-05-24 00:59:58,400  INFO  Test Metrics for G3: MSE=180.9232, MAE=10.3583, RMSE=13.4508, MAPE=1.9864
2025-05-24 00:59:58,803  INFO  EPOCH 37 | Validation MSE: G1: 0.13096657, G2: 0.21347065, G3: 0.00413464 
2025-05-24 00:59:59,619  INFO  Train Metrics for G1: MSE=6868.7695, MAE=76.7490, RMSE=82.8780, MAPE=14.1717
2025-05-24 01:00:00,417  INFO  Train Metrics for G2: MSE=10766.3896, MAE=96.1626, RMSE=103.7612, MAPE=17.7509
2025-05-24 01:00:01,234  INFO  Train Metrics for G3: MSE=250.6155, MAE=11.9728, RMSE=15.8308, MAPE=2.2806
2025-05-24 01:00:02,015  INFO  Test Metrics for G1: MSE=6025.8047, MAE=71.0022, RMSE=77.6261, MAPE=13.1975
2025-05-24 01:00:02,935  INFO  Test Metrics for G2: MSE=9821.8379, MAE=91.1983, RMSE=99.1052, MAPE=16.9641
2025-05-24 01:00:03,433  INFO  Test Metrics for G3: MSE=180.9232, MAE=10.3583, RMSE=13.4508, MAPE=1.9864
2025-05-24 01:00:03,805  INFO  EPOCH 38 | Validation MSE: G1: 0.12916416, G2: 0.21257459, G3: 0.00414786 
2025-05-24 01:00:04,466  INFO  Train Metrics for G1: MSE=6780.0073, MAE=76.2143, RMSE=82.3408, MAPE=14.0717
2025-05-24 01:00:05,308  INFO  Train Metrics for G2: MSE=10722.6631, MAE=95.9433, RMSE=103.5503, MAPE=17.7094
2025-05-24 01:00:06,175  INFO  Train Metrics for G3: MSE=250.6155, MAE=11.9728, RMSE=15.8308, MAPE=2.2806
2025-05-24 01:00:07,056  INFO  Test Metrics for G1: MSE=5942.8760, MAE=70.4632, RMSE=77.0900, MAPE=13.0957
2025-05-24 01:00:07,960  INFO  Test Metrics for G2: MSE=9780.6113, MAE=90.9800, RMSE=98.8970, MAPE=16.9224
2025-05-24 01:00:08,828  INFO  Test Metrics for G3: MSE=180.9232, MAE=10.3583, RMSE=13.4508, MAPE=1.9864
2025-05-24 01:00:09,217  INFO  EPOCH 39 | Validation MSE: G1: 0.12737152, G2: 0.21167639, G3: 0.00413500 
2025-05-24 01:00:09,993  INFO  Train Metrics for G1: MSE=6691.6792, MAE=75.6786, RMSE=81.8027, MAPE=13.9716
2025-05-24 01:00:10,770  INFO  Train Metrics for G2: MSE=10678.8613, MAE=95.7230, RMSE=103.3386, MAPE=17.6678
2025-05-24 01:00:11,573  INFO  Train Metrics for G3: MSE=250.6155, MAE=11.9728, RMSE=15.8308, MAPE=2.2806
2025-05-24 01:00:12,405  INFO  Test Metrics for G1: MSE=5860.3965, MAE=69.9232, RMSE=76.5532, MAPE=12.9936
2025-05-24 01:00:13,300  INFO  Test Metrics for G2: MSE=9739.2812, MAE=90.7607, RMSE=98.6878, MAPE=16.8806
2025-05-24 01:00:14,091  INFO  Test Metrics for G3: MSE=180.9232, MAE=10.3583, RMSE=13.4508, MAPE=1.9864
2025-05-24 01:00:14,405  INFO  Start cross finetune!  G3 with D1
2025-05-24 01:00:14,474  INFO  == Cross finetune Epoch [1/50]: G3: Validation MSE 0.00410949
2025-05-24 01:00:14,527  INFO  == Cross finetune Epoch [2/50]: G3: Validation MSE 0.00412760
2025-05-24 01:00:14,590  INFO  == Cross finetune Epoch [3/50]: G3: Validation MSE 0.00413949
2025-05-24 01:00:14,634  INFO  == Cross finetune Epoch [4/50]: G3: Validation MSE 0.00414904
2025-05-24 01:00:14,703  INFO  == Cross finetune Epoch [5/50]: G3: Validation MSE 0.00415297
2025-05-24 01:00:14,703  INFO  EPOCH 40 | Validation MSE: G1: 0.12558946, G2: 0.21076265, G3: 0.00408822 
2025-05-24 01:00:15,497  INFO  Train Metrics for G1: MSE=6603.8208, MAE=75.1420, RMSE=81.2639, MAPE=13.8712
2025-05-24 01:00:16,211  INFO  Train Metrics for G2: MSE=10634.8965, MAE=95.5016, RMSE=103.1256, MAPE=17.6260
2025-05-24 01:00:17,015  INFO  Train Metrics for G3: MSE=251.8089, MAE=12.0980, RMSE=15.8685, MAPE=2.2980
2025-05-24 01:00:17,781  INFO  Test Metrics for G1: MSE=5778.4019, MAE=69.3825, RMSE=76.0158, MAPE=12.8914
2025-05-24 01:00:18,515  INFO  Test Metrics for G2: MSE=9697.2441, MAE=90.5371, RMSE=98.4746, MAPE=16.8379
2025-05-24 01:00:19,331  INFO  Test Metrics for G3: MSE=191.0792, MAE=10.7132, RMSE=13.8231, MAPE=2.0451
2025-05-24 01:00:19,623  INFO  EPOCH 41 | Validation MSE: G1: 0.12381773, G2: 0.20985982, G3: 0.00415330 
2025-05-24 01:00:20,378  INFO  Train Metrics for G1: MSE=6516.4185, MAE=74.6045, RMSE=80.7243, MAPE=13.7707
2025-05-24 01:00:21,164  INFO  Train Metrics for G2: MSE=10590.7910, MAE=95.2788, RMSE=102.9116, MAPE=17.5839
2025-05-24 01:00:21,934  INFO  Train Metrics for G3: MSE=251.8089, MAE=12.0980, RMSE=15.8685, MAPE=2.2980
2025-05-24 01:00:22,843  INFO  Test Metrics for G1: MSE=5696.8853, MAE=68.8409, RMSE=75.4777, MAPE=12.7890
2025-05-24 01:00:23,449  INFO  Test Metrics for G2: MSE=9655.7021, MAE=90.3156, RMSE=98.2634, MAPE=16.7956
2025-05-24 01:00:24,251  INFO  Test Metrics for G3: MSE=191.0792, MAE=10.7132, RMSE=13.8231, MAPE=2.0451
2025-05-24 01:00:24,641  INFO  EPOCH 42 | Validation MSE: G1: 0.12205594, G2: 0.20895886, G3: 0.00414765 
2025-05-24 01:00:25,430  INFO  Train Metrics for G1: MSE=6429.4570, MAE=74.0659, RMSE=80.1839, MAPE=13.6700
2025-05-24 01:00:26,181  INFO  Train Metrics for G2: MSE=10547.1074, MAE=95.0578, RMSE=102.6991, MAPE=17.5421
2025-05-24 01:00:26,961  INFO  Train Metrics for G3: MSE=249.8360, MAE=12.0622, RMSE=15.8062, MAPE=2.2928
2025-05-24 01:00:27,722  INFO  Test Metrics for G1: MSE=5615.8247, MAE=68.2983, RMSE=74.9388, MAPE=12.6865
2025-05-24 01:00:28,468  INFO  Test Metrics for G2: MSE=9614.2490, MAE=90.0940, RMSE=98.0523, MAPE=16.7533
2025-05-24 01:00:29,267  INFO  Test Metrics for G3: MSE=190.8346, MAE=10.6947, RMSE=13.8143, MAPE=2.0434
2025-05-24 01:00:29,624  INFO  EPOCH 43 | Validation MSE: G1: 0.12030396, G2: 0.20804299, G3: 0.00414808 
2025-05-24 01:00:30,383  INFO  Train Metrics for G1: MSE=6342.9263, MAE=73.5261, RMSE=79.6425, MAPE=13.5691
2025-05-24 01:00:31,113  INFO  Train Metrics for G2: MSE=10502.6660, MAE=94.8323, RMSE=102.4825, MAPE=17.4995
2025-05-24 01:00:32,110  INFO  Train Metrics for G3: MSE=249.8360, MAE=12.0622, RMSE=15.8062, MAPE=2.2928
2025-05-24 01:00:32,918  INFO  Test Metrics for G1: MSE=5535.2148, MAE=67.7546, RMSE=74.3990, MAPE=12.5838
2025-05-24 01:00:33,715  INFO  Test Metrics for G2: MSE=9572.1094, MAE=89.8684, RMSE=97.8372, MAPE=16.7102
2025-05-24 01:00:34,484  INFO  Test Metrics for G3: MSE=190.8346, MAE=10.6947, RMSE=13.8143, MAPE=2.0434
2025-05-24 01:00:34,826  INFO  EPOCH 44 | Validation MSE: G1: 0.11856102, G2: 0.20712376, G3: 0.00414818 
2025-05-24 01:00:35,590  INFO  Train Metrics for G1: MSE=6256.7939, MAE=72.9850, RMSE=79.0999, MAPE=13.4679
2025-05-24 01:00:36,377  INFO  Train Metrics for G2: MSE=10457.8457, MAE=94.6045, RMSE=102.2636, MAPE=17.4565
2025-05-24 01:00:37,147  INFO  Train Metrics for G3: MSE=249.8360, MAE=12.0622, RMSE=15.8062, MAPE=2.2928
2025-05-24 01:00:37,933  INFO  Test Metrics for G1: MSE=5455.0225, MAE=67.2096, RMSE=73.8581, MAPE=12.4808
2025-05-24 01:00:38,738  INFO  Test Metrics for G2: MSE=9529.8164, MAE=89.6414, RMSE=97.6208, MAPE=16.6669
2025-05-24 01:00:39,529  INFO  Test Metrics for G3: MSE=190.8346, MAE=10.6947, RMSE=13.8143, MAPE=2.0434
2025-05-24 01:00:39,825  INFO  EPOCH 45 | Validation MSE: G1: 0.11682792, G2: 0.20620570, G3: 0.00414623 
2025-05-24 01:00:40,671  INFO  Train Metrics for G1: MSE=6171.0972, MAE=72.4428, RMSE=78.5563, MAPE=13.3665
2025-05-24 01:00:41,483  INFO  Train Metrics for G2: MSE=10413.4600, MAE=94.3783, RMSE=102.0464, MAPE=17.4137
2025-05-24 01:00:42,451  INFO  Train Metrics for G3: MSE=247.7238, MAE=12.0277, RMSE=15.7392, MAPE=2.2884
2025-05-24 01:00:43,248  INFO  Test Metrics for G1: MSE=5375.2827, MAE=66.6635, RMSE=73.3163, MAPE=12.3776
2025-05-24 01:00:44,028  INFO  Test Metrics for G2: MSE=9487.5752, MAE=89.4140, RMSE=97.4042, MAPE=16.6235
2025-05-24 01:00:44,878  INFO  Test Metrics for G3: MSE=190.7692, MAE=10.7017, RMSE=13.8119, MAPE=2.0477
2025-05-24 01:00:45,227  INFO  EPOCH 46 | Validation MSE: G1: 0.11510462, G2: 0.20529306, G3: 0.00415590 
2025-05-24 01:00:46,530  INFO  Train Metrics for G1: MSE=6085.8291, MAE=71.8993, RMSE=78.0117, MAPE=13.2649
2025-05-24 01:00:47,465  INFO  Train Metrics for G2: MSE=10368.9951, MAE=94.1512, RMSE=101.8283, MAPE=17.3708
2025-05-24 01:00:48,336  INFO  Train Metrics for G3: MSE=247.7238, MAE=12.0277, RMSE=15.7392, MAPE=2.2884
2025-05-24 01:00:49,232  INFO  Test Metrics for G1: MSE=5295.9922, MAE=66.1162, RMSE=72.7736, MAPE=12.2742
2025-05-24 01:00:50,086  INFO  Test Metrics for G2: MSE=9445.5850, MAE=89.1874, RMSE=97.1884, MAPE=16.5802
2025-05-24 01:00:51,056  INFO  Test Metrics for G3: MSE=190.7692, MAE=10.7017, RMSE=13.8119, MAPE=2.0477
2025-05-24 01:00:51,416  INFO  EPOCH 47 | Validation MSE: G1: 0.11339066, G2: 0.20437576, G3: 0.00415565 
2025-05-24 01:00:52,311  INFO  Train Metrics for G1: MSE=6000.9688, MAE=71.3543, RMSE=77.4659, MAPE=13.1630
2025-05-24 01:00:53,236  INFO  Train Metrics for G2: MSE=10324.3613, MAE=93.9228, RMSE=101.6089, MAPE=17.3277
2025-05-24 01:00:54,177  INFO  Train Metrics for G3: MSE=247.7238, MAE=12.0277, RMSE=15.7392, MAPE=2.2884
2025-05-24 01:00:55,032  INFO  Test Metrics for G1: MSE=5217.1323, MAE=65.5676, RMSE=72.2297, MAPE=12.1705
2025-05-24 01:00:55,904  INFO  Test Metrics for G2: MSE=9403.3809, MAE=88.9593, RMSE=96.9710, MAPE=16.5367
2025-05-24 01:00:59,982  INFO  Test Metrics for G3: MSE=190.7692, MAE=10.7017, RMSE=13.8119, MAPE=2.0477
2025-05-24 01:01:00,429  INFO  EPOCH 48 | Validation MSE: G1: 0.11168620, G2: 0.20345348, G3: 0.00415503 
2025-05-24 01:01:01,623  INFO  Train Metrics for G1: MSE=5916.5322, MAE=70.8081, RMSE=76.9190, MAPE=13.0609
2025-05-24 01:01:02,660  INFO  Train Metrics for G2: MSE=10279.6797, MAE=93.6936, RMSE=101.3888, MAPE=17.2844
2025-05-24 01:01:03,884  INFO  Train Metrics for G3: MSE=247.7238, MAE=12.0277, RMSE=15.7392, MAPE=2.2884
2025-05-24 01:01:04,991  INFO  Test Metrics for G1: MSE=5138.7100, MAE=65.0176, RMSE=71.6848, MAPE=12.0666
2025-05-24 01:01:05,735  INFO  Test Metrics for G2: MSE=9360.9443, MAE=88.7293, RMSE=96.7520, MAPE=16.4928
2025-05-24 01:01:06,527  INFO  Test Metrics for G3: MSE=190.7692, MAE=10.7017, RMSE=13.8119, MAPE=2.0477
2025-05-24 01:01:06,839  INFO  EPOCH 49 | Validation MSE: G1: 0.10999237, G2: 0.20254409, G3: 0.00415354 
2025-05-24 01:01:07,576  INFO  Train Metrics for G1: MSE=5832.5698, MAE=70.2608, RMSE=76.3713, MAPE=12.9586
2025-05-24 01:01:08,327  INFO  Train Metrics for G2: MSE=10235.2402, MAE=93.4649, RMSE=101.1694, MAPE=17.2412
2025-05-24 01:01:09,278  INFO  Train Metrics for G3: MSE=247.7238, MAE=12.0277, RMSE=15.7392, MAPE=2.2884
2025-05-24 01:01:10,010  INFO  Test Metrics for G1: MSE=5060.7764, MAE=64.4666, RMSE=71.1391, MAPE=11.9625
2025-05-24 01:01:10,790  INFO  Test Metrics for G2: MSE=9319.1055, MAE=88.5019, RMSE=96.5355, MAPE=16.4494
2025-05-24 01:01:11,613  INFO  Test Metrics for G3: MSE=190.7692, MAE=10.7017, RMSE=13.8119, MAPE=2.0477
2025-05-24 01:01:11,997  INFO  Start cross finetune!  G3 with D1
2025-05-24 01:01:12,062  INFO  == Cross finetune Epoch [1/50]: G3: Validation MSE 0.00416506
2025-05-24 01:01:12,119  INFO  == Cross finetune Epoch [2/50]: G3: Validation MSE 0.00418312
2025-05-24 01:01:12,188  INFO  == Cross finetune Epoch [3/50]: G3: Validation MSE 0.00420126
2025-05-24 01:01:12,251  INFO  == Cross finetune Epoch [4/50]: G3: Validation MSE 0.00422462
2025-05-24 01:01:12,314  INFO  == Cross finetune Epoch [5/50]: G3: Validation MSE 0.00423432
2025-05-24 01:01:12,314  INFO  EPOCH 50 | Validation MSE: G1: 0.10830839, G2: 0.20160984, G3: 0.00415332 
2025-05-24 01:01:13,116  INFO  Train Metrics for G1: MSE=5749.0415, MAE=69.7121, RMSE=75.8224, MAPE=12.8560
2025-05-24 01:01:13,834  INFO  Train Metrics for G2: MSE=10190.0625, MAE=93.2322, RMSE=100.9458, MAPE=17.1972
2025-05-24 01:01:14,633  INFO  Train Metrics for G3: MSE=243.8999, MAE=11.9934, RMSE=15.6173, MAPE=2.2883
2025-05-24 01:01:15,461  INFO  Test Metrics for G1: MSE=4983.2964, MAE=63.9144, RMSE=70.5925, MAPE=11.8581
2025-05-24 01:01:16,216  INFO  Test Metrics for G2: MSE=9276.1201, MAE=88.2679, RMSE=96.3126, MAPE=16.4047
2025-05-24 01:01:17,039  INFO  Test Metrics for G3: MSE=194.8219, MAE=10.8457, RMSE=13.9579, MAPE=2.0847
2025-05-24 01:01:21,044  INFO  G1 best epoch: 50
2025-05-24 01:01:21,044  INFO  G2 best epoch: 50
2025-05-24 01:01:21,044  INFO  G3 best epoch: 50
