2025-05-25 16:02:59,783  INFO  ARGS = {
  "notes": "单个GAN的Transformer试试看",
  "data_path": "database/goods/Lumber_processed.csv",
  "output_dir": "out_put/multi",
  "ckpt_dir": "ckpt",
  "feature_columns": [
    1,
    19,
    1,
    19,
    1,
    19
  ],
  "target_columns": [
    [
      4
    ]
  ],
  "start_timestamp": 31,
  "end_timestamp": -1,
  "window_sizes": [
    5,
    10,
    15
  ],
  "action": true,
  "use_financial_loss": true,
  "N_pairs": 3,
  "num_classes": 3,
  "generators": [
    "gru",
    "lstm",
    "transformer"
  ],
  "discriminators": null,
  "distill_epochs": 1,
  "cross_finetune_epochs": 5,
  "device": [
    0
  ],
  "num_epochs": 50,
  "lr": 2e-05,
  "batch_size": 256,
  "train_split": 0.7,
  "random_seed": 3407,
  "amp_dtype": "none",
  "mode": "train",
  "ckpt_path": "latest"
}
2025-05-25 16:03:02,163  INFO  EPOCH 1 | Validation MSE: G1: 0.20259075, G2: 0.24722695, G3: 0.13518447 
2025-05-25 16:03:02,674  INFO  Train Metrics for G1: MSE=10363.8027, MAE=95.5290, RMSE=101.8028, MAPE=17.6861
2025-05-25 16:03:03,120  INFO  Train Metrics for G2: MSE=12400.8936, MAE=104.0759, RMSE=111.3593, MAPE=19.2478
2025-05-25 16:03:03,860  INFO  Train Metrics for G3: MSE=5209.6997, MAE=60.1750, RMSE=72.1783, MAPE=11.3623
2025-05-25 16:03:04,596  INFO  Test Metrics for G1: MSE=9321.2520, MAE=89.9350, RMSE=96.5466, MAPE=16.7776
2025-05-25 16:03:05,083  INFO  Test Metrics for G2: MSE=11374.9746, MAE=99.0911, RMSE=106.6535, MAPE=18.4714
2025-05-25 16:03:05,597  INFO  Test Metrics for G3: MSE=6219.8716, MAE=63.8653, RMSE=78.8662, MAPE=12.2956
2025-05-25 16:03:05,890  INFO  EPOCH 2 | Validation MSE: G1: 0.20042208, G2: 0.24625847, G3: 0.12481181 
2025-05-25 16:03:06,361  INFO  Train Metrics for G1: MSE=10258.7168, MAE=95.0170, RMSE=101.2853, MAPE=17.5902
2025-05-25 16:03:06,818  INFO  Train Metrics for G2: MSE=12353.6836, MAE=103.8554, RMSE=111.1471, MAPE=19.2060
2025-05-25 16:03:07,296  INFO  Train Metrics for G3: MSE=4719.6353, MAE=57.3222, RMSE=68.6996, MAPE=10.8639
2025-05-25 16:03:07,757  INFO  Test Metrics for G1: MSE=9221.4688, MAE=89.4188, RMSE=96.0285, MAPE=16.6799
2025-05-25 16:03:08,210  INFO  Test Metrics for G2: MSE=11330.4121, MAE=98.8731, RMSE=106.4444, MAPE=18.4298
2025-05-25 16:03:08,682  INFO  Test Metrics for G3: MSE=5742.6230, MAE=62.3584, RMSE=75.7801, MAPE=12.0409
2025-05-25 16:03:08,993  INFO  EPOCH 3 | Validation MSE: G1: 0.19826357, G2: 0.24528149, G3: 0.11022066 
2025-05-25 16:03:09,522  INFO  Train Metrics for G1: MSE=10154.0977, MAE=94.5045, RMSE=100.7675, MAPE=17.4943
2025-05-25 16:03:09,970  INFO  Train Metrics for G2: MSE=12306.8418, MAE=103.6361, RMSE=110.9362, MAPE=19.1645
2025-05-25 16:03:10,442  INFO  Train Metrics for G3: MSE=4306.7661, MAE=54.3023, RMSE=65.6260, MAPE=10.2139
2025-05-25 16:03:10,909  INFO  Test Metrics for G1: MSE=9122.1562, MAE=88.9020, RMSE=95.5100, MAPE=16.5822
2025-05-25 16:03:11,367  INFO  Test Metrics for G2: MSE=11285.4629, MAE=98.6527, RMSE=106.2331, MAPE=18.3877
2025-05-25 16:03:11,866  INFO  Test Metrics for G3: MSE=5071.2803, MAE=56.9009, RMSE=71.2129, MAPE=10.9176
2025-05-25 16:03:12,072  INFO  EPOCH 4 | Validation MSE: G1: 0.19611575, G2: 0.24431844, G3: 0.09916337 
2025-05-25 16:03:12,556  INFO  Train Metrics for G1: MSE=10049.9639, MAE=93.9917, RMSE=100.2495, MAPE=17.3983
2025-05-25 16:03:13,013  INFO  Train Metrics for G2: MSE=12259.9756, MAE=103.4162, RMSE=110.7248, MAPE=19.1229
2025-05-25 16:03:13,484  INFO  Train Metrics for G3: MSE=4092.5378, MAE=52.0463, RMSE=63.9729, MAPE=9.6817
2025-05-25 16:03:13,943  INFO  Test Metrics for G1: MSE=9023.3340, MAE=88.3848, RMSE=94.9912, MAPE=16.4844
2025-05-25 16:03:14,389  INFO  Test Metrics for G2: MSE=11241.1514, MAE=98.4349, RMSE=106.0243, MAPE=18.3460
2025-05-25 16:03:14,856  INFO  Test Metrics for G3: MSE=4562.5317, MAE=52.3125, RMSE=67.5465, MAPE=9.9308
2025-05-25 16:03:15,080  INFO  EPOCH 5 | Validation MSE: G1: 0.19397737, G2: 0.24334797, G3: 0.09130674 
2025-05-25 16:03:15,551  INFO  Train Metrics for G1: MSE=9946.2432, MAE=93.4782, RMSE=99.7309, MAPE=17.3021
2025-05-25 16:03:16,008  INFO  Train Metrics for G2: MSE=12212.9404, MAE=103.1951, RMSE=110.5122, MAPE=19.0811
2025-05-25 16:03:16,475  INFO  Train Metrics for G3: MSE=3925.3733, MAE=50.2253, RMSE=62.6528, MAPE=9.2702
2025-05-25 16:03:16,943  INFO  Test Metrics for G1: MSE=8924.9473, MAE=87.8670, RMSE=94.4719, MAPE=16.3864
2025-05-25 16:03:17,401  INFO  Test Metrics for G2: MSE=11196.5010, MAE=98.2149, RMSE=105.8135, MAPE=18.3040
2025-05-25 16:03:17,899  INFO  Test Metrics for G3: MSE=4201.0464, MAE=49.5930, RMSE=64.8155, MAPE=9.3343
2025-05-25 16:03:18,212  INFO  EPOCH 6 | Validation MSE: G1: 0.19184949, G2: 0.24237452, G3: 0.08344478 
2025-05-25 16:03:18,711  INFO  Train Metrics for G1: MSE=9843.0059, MAE=92.9643, RMSE=99.2119, MAPE=17.2059
2025-05-25 16:03:19,481  INFO  Train Metrics for G2: MSE=12166.1475, MAE=102.9747, RMSE=110.3003, MAPE=19.0394
2025-05-25 16:03:19,953  INFO  Train Metrics for G3: MSE=3662.5049, MAE=48.0510, RMSE=60.5186, MAPE=8.8322
2025-05-25 16:03:20,410  INFO  Test Metrics for G1: MSE=8827.0430, MAE=87.3487, RMSE=93.9523, MAPE=16.2884
2025-05-25 16:03:20,861  INFO  Test Metrics for G2: MSE=11151.7119, MAE=97.9940, RMSE=105.6017, MAPE=18.2618
2025-05-25 16:03:21,332  INFO  Test Metrics for G3: MSE=3839.3152, MAE=47.0567, RMSE=61.9622, MAPE=8.8139
2025-05-25 16:03:21,660  INFO  EPOCH 7 | Validation MSE: G1: 0.18973130, G2: 0.24141832, G3: 0.07351353 
2025-05-25 16:03:22,367  INFO  Train Metrics for G1: MSE=9740.1934, MAE=92.4497, RMSE=98.6924, MAPE=17.1096
2025-05-25 16:03:22,814  INFO  Train Metrics for G2: MSE=12119.5703, MAE=102.7547, RMSE=110.0889, MAPE=18.9978
2025-05-25 16:03:23,269  INFO  Train Metrics for G3: MSE=3201.5347, MAE=44.8843, RMSE=56.5821, MAPE=8.2563
2025-05-25 16:03:23,729  INFO  Test Metrics for G1: MSE=8729.5840, MAE=86.8299, RMSE=93.4322, MAPE=16.1903
2025-05-25 16:03:24,186  INFO  Test Metrics for G2: MSE=11107.7168, MAE=97.7762, RMSE=105.3932, MAPE=18.2202
2025-05-25 16:03:25,086  INFO  Test Metrics for G3: MSE=3382.3757, MAE=44.2082, RMSE=58.1582, MAPE=8.2888
2025-05-25 16:03:25,423  INFO  EPOCH 8 | Validation MSE: G1: 0.18762316, G2: 0.24044202, G3: 0.06296703 
2025-05-25 16:03:25,907  INFO  Train Metrics for G1: MSE=9637.8281, MAE=91.9346, RMSE=98.1724, MAPE=17.0131
2025-05-25 16:03:26,362  INFO  Train Metrics for G2: MSE=12072.3965, MAE=102.5317, RMSE=109.8745, MAPE=18.9556
2025-05-25 16:03:26,819  INFO  Train Metrics for G3: MSE=2651.2686, MAE=41.1058, RMSE=51.4905, MAPE=7.6024
2025-05-25 16:03:27,273  INFO  Test Metrics for G1: MSE=8632.5879, MAE=86.3105, RMSE=92.9117, MAPE=16.0920
2025-05-25 16:03:27,727  INFO  Test Metrics for G2: MSE=11062.7959, MAE=97.5537, RMSE=105.1798, MAPE=18.1778
2025-05-25 16:03:28,193  INFO  Test Metrics for G3: MSE=2897.1289, MAE=41.1893, RMSE=53.8250, MAPE=7.7717
2025-05-25 16:03:28,460  INFO  EPOCH 9 | Validation MSE: G1: 0.18552576, G2: 0.23948222, G3: 0.05432644 
2025-05-25 16:03:28,931  INFO  Train Metrics for G1: MSE=9535.9473, MAE=91.4190, RMSE=97.6522, MAPE=16.9166
2025-05-25 16:03:29,384  INFO  Train Metrics for G2: MSE=12026.1221, MAE=102.3123, RMSE=109.6637, MAPE=18.9141
2025-05-25 16:03:29,846  INFO  Train Metrics for G3: MSE=2189.8047, MAE=37.6618, RMSE=46.7953, MAPE=7.0205
